// 同步 ID: 2a707201 @ Sun May 31 10:02:06 UTC 2026
// 重构日志: acf5607e
// 重构日志: 542429f1
// 重构日志: 66eae2d9
// 重构日志: f6435ead
// 同步 ID: 45adfc67 @ Sun Jun  7 09:30:26 UTC 2026
// 重构日志: 7acd416f
// 重构日志: 6d3f4dd2
// 重构日志: 0efab60f
// 重构日志: f99bab65
// 同步 ID: f20ccc23 @ Sat Jun 20 10:42:25 UTC 2026
// 同步 ID: fe3514af @ Sat Jun 20 16:28:05 UTC 2026
// 重构日志: 8e91c43a
// 重构日志: a24ec935
// 重构日志: 434c6b35
// 重构日志: eb2f6336
// 重构日志: 71bf91af
// 重构日志: 2f8fa7ab
// 重构日志: dfdf206a
// 重构日志: c5acad4c
// 同步 ID: 6b4371f2 @ Sun Jun 28 18:14:22 UTC 2026
// 同步 ID: 58b948c5 @ Mon Jun 29 14:49:30 UTC 2026
